<?xml version="1.0" encoding="UTF-8"?>
<!-- Generated by org.testng.reporters.JUnitReportReporter -->
<testsuite skipped="0" hostname="WIN-NO5VUV5PR36" name="pe.com.test.seleniumwd.CategoriaPage" tests="1" failures="0" timestamp="16 oct 2018 13:17:56 GMT" time="3.004" errors="0">
  <testcase name="hacerClicBotonNuevo" time="3.004" classname="pe.com.test.seleniumwd.CategoriaPage"/>
</testsuite> <!-- pe.com.test.seleniumwd.CategoriaPage -->
